{"/Users/joe/Desktop/code/master/05-testing/testing-exercise/src/common/actions/action-types.ts": {"path":"/Users/joe/Desktop/code/master/05-testing/testing-exercise/src/common/actions/action-types.ts","statementMap":{"0":{"start":{"line":1,"column":13},"end":{"line":1,"column":39}},"1":{"start":{"line":2,"column":13},"end":{"line":2,"column":39}}},"fnMap":{},"branchMap":{},"s":{"0":5,"1":5},"f":{},"b":{}}
,"/Users/joe/Desktop/code/master/05-testing/testing-exercise/src/common/actions/alert.actions.ts": {"path":"/Users/joe/Desktop/code/master/05-testing/testing-exercise/src/common/actions/alert.actions.ts","statementMap":{"0":{"start":{"line":1,"column":0},"end":{"line":1,"column":46}},"1":{"start":{"line":3,"column":13},"end":{"line":8,"column":2}},"2":{"start":{"line":4,"column":2},"end":{"line":7,"column":4}},"3":{"start":{"line":9,"column":13},"end":{"line":14,"column":2}},"4":{"start":{"line":10,"column":2},"end":{"line":13,"column":4}}},"fnMap":{"0":{"name":"(anonymous_6)","decl":{"start":{"line":3,"column":25},"end":{"line":3,"column":28}},"loc":{"start":{"line":3,"column":30},"end":{"line":8,"column":1}}},"1":{"name":"(anonymous_7)","decl":{"start":{"line":9,"column":25},"end":{"line":9,"column":28}},"loc":{"start":{"line":9,"column":30},"end":{"line":14,"column":1}}}},"branchMap":{},"s":{"0":4,"1":4,"2":2,"3":4,"4":2},"f":{"0":2,"1":2},"b":{}}
,"/Users/joe/Desktop/code/master/05-testing/testing-exercise/src/common/actions/index.ts": {"path":"/Users/joe/Desktop/code/master/05-testing/testing-exercise/src/common/actions/index.ts","statementMap":{"0":{"start":{"line":1,"column":0},"end":{"line":1,"column":32}},"1":{"start":{"line":2,"column":0},"end":{"line":2,"column":31}}},"fnMap":{},"branchMap":{},"s":{"0":4,"1":4},"f":{},"b":{}}
,"/Users/joe/Desktop/code/master/05-testing/testing-exercise/src/common/components/forms/index.ts": {"path":"/Users/joe/Desktop/code/master/05-testing/testing-exercise/src/common/components/forms/index.ts","statementMap":{"0":{"start":{"line":1,"column":0},"end":{"line":1,"column":29}}},"fnMap":{},"branchMap":{},"s":{"0":2},"f":{},"b":{}}
,"/Users/joe/Desktop/code/master/05-testing/testing-exercise/src/common/components/forms/text-field.tsx": {"path":"/Users/joe/Desktop/code/master/05-testing/testing-exercise/src/common/components/forms/text-field.tsx","statementMap":{"0":{"start":{"line":1,"column":0},"end":{"line":1,"column":31}},"1":{"start":{"line":3,"column":0},"end":{"line":3,"column":55}},"2":{"start":{"line":7,"column":13},"end":{"line":30,"column":2}},"3":{"start":{"line":12,"column":6},"end":{"line":12,"column":12}},"4":{"start":{"line":9,"column":34},"end":{"line":9,"column":39}},"5":{"start":{"line":9,"column":48},"end":{"line":9,"column":null}},"6":{"start":{"line":12,"column":6},"end":{"line":12,"column":11}},"7":{"start":{"line":11,"column":11},"end":{"line":12,"column":6}},"8":{"start":{"line":15,"column":4},"end":{"line":16,"column":16}},"9":{"start":{"line":18,"column":2},"end":{"line":29,"column":4}}},"fnMap":{"0":{"name":"(anonymous_8)","decl":{"start":{"line":7,"column":57},"end":{"line":7,"column":62}},"loc":{"start":{"line":7,"column":65},"end":{"line":30,"column":1}}}},"branchMap":{"0":{"loc":{"start":{"line":15,"column":6},"end":{"line":15,"column":22}},"type":"binary-expr","locations":[{"start":{"line":15,"column":6},"end":{"line":15,"column":22}},{"start":{"line":15,"column":26},"end":{"line":15,"column":52}},{"start":{"line":15,"column":57},"end":{"line":15,"column":67}},{"start":{"line":16,"column":4},"end":{"line":16,"column":16}}]},"1":{"loc":{"start":{"line":26,"column":30},"end":{"line":26,"column":40}},"type":"cond-expr","locations":[{"start":{"line":26,"column":30},"end":{"line":26,"column":40}},{"start":{"line":26,"column":43},"end":{"line":26,"column":45}}]}},"s":{"0":3,"1":3,"2":3,"3":60,"4":60,"5":60,"6":60,"7":60,"8":60,"9":60},"f":{"0":60},"b":{"0":[60,1,59,1],"1":[1,59]}}
,"/Users/joe/Desktop/code/master/05-testing/testing-exercise/src/common/mappers/collection.mapper.ts": {"path":"/Users/joe/Desktop/code/master/05-testing/testing-exercise/src/common/mappers/collection.mapper.ts","statementMap":{"0":{"start":{"line":1,"column":13},"end":{"line":2,"column":57}},"1":{"start":{"line":2,"column":2},"end":{"line":2,"column":56}}},"fnMap":{"0":{"name":"(anonymous_0)","decl":{"start":{"line":1,"column":31},"end":{"line":1,"column":38}},"loc":{"start":{"line":2,"column":2},"end":{"line":2,"column":56}}}},"branchMap":{"0":{"loc":{"start":{"line":2,"column":30},"end":{"line":2,"column":51}},"type":"cond-expr","locations":[{"start":{"line":2,"column":30},"end":{"line":2,"column":51}},{"start":{"line":2,"column":54},"end":{"line":2,"column":56}}]}},"s":{"0":2,"1":5},"f":{"0":5},"b":{"0":[2,3]}}
,"/Users/joe/Desktop/code/master/05-testing/testing-exercise/src/common/mappers/index.ts": {"path":"/Users/joe/Desktop/code/master/05-testing/testing-exercise/src/common/mappers/index.ts","statementMap":{"0":{"start":{"line":1,"column":0},"end":{"line":1,"column":36}}},"fnMap":{},"branchMap":{},"s":{"0":1},"f":{},"b":{}}
,"/Users/joe/Desktop/code/master/05-testing/testing-exercise/src/core/const.ts": {"path":"/Users/joe/Desktop/code/master/05-testing/testing-exercise/src/core/const.ts","statementMap":{"0":{"start":{"line":1,"column":13},"end":{"line":1,"column":55}},"1":{"start":{"line":2,"column":13},"end":{"line":2,"column":50}}},"fnMap":{},"branchMap":{},"s":{"0":4,"1":4},"f":{},"b":{}}
,"/Users/joe/Desktop/code/master/05-testing/testing-exercise/src/core/index.ts": {"path":"/Users/joe/Desktop/code/master/05-testing/testing-exercise/src/core/index.ts","statementMap":{"0":{"start":{"line":1,"column":0},"end":{"line":1,"column":25}},"1":{"start":{"line":2,"column":0},"end":{"line":2,"column":34}},"2":{"start":{"line":3,"column":0},"end":{"line":3,"column":24}}},"fnMap":{},"branchMap":{},"s":{"0":4,"1":4,"2":4},"f":{},"b":{}}
,"/Users/joe/Desktop/code/master/05-testing/testing-exercise/src/core/routes.ts": {"path":"/Users/joe/Desktop/code/master/05-testing/testing-exercise/src/core/routes.ts","statementMap":{"0":{"start":{"line":1,"column":0},"end":{"line":1,"column":44}},"1":{"start":{"line":10,"column":13},"end":{"line":15,"column":2}},"2":{"start":{"line":23,"column":13},"end":{"line":25,"column":null}},"3":{"start":{"line":25,"column":19},"end":{"line":25,"column":63}}},"fnMap":{"0":{"name":"(anonymous_0)","decl":{"start":{"line":25,"column":13},"end":{"line":25,"column":15}},"loc":{"start":{"line":25,"column":19},"end":{"line":25,"column":63}}}},"branchMap":{},"s":{"0":4,"1":4,"2":4,"3":0},"f":{"0":0},"b":{}}
,"/Users/joe/Desktop/code/master/05-testing/testing-exercise/src/core/session-context.tsx": {"path":"/Users/joe/Desktop/code/master/05-testing/testing-exercise/src/core/session-context.tsx","statementMap":{"0":{"start":{"line":1,"column":0},"end":{"line":1,"column":31}},"1":{"start":{"line":8,"column":13},"end":{"line":15,"column":3}},"2":{"start":{"line":11,"column":4},"end":{"line":13,"column":6}},"3":{"start":{"line":17,"column":13},"end":{"line":25,"column":2}},"4":{"start":{"line":18,"column":28},"end":{"line":18,"column":46}},"5":{"start":{"line":20,"column":2},"end":{"line":24,"column":4}}},"fnMap":{"0":{"name":"(anonymous_6)","decl":{"start":{"line":10,"column":15},"end":{"line":10,"column":20}},"loc":{"start":{"line":10,"column":23},"end":{"line":14,"column":3}}},"1":{"name":"(anonymous_7)","decl":{"start":{"line":17,"column":56},"end":{"line":17,"column":61}},"loc":{"start":{"line":17,"column":64},"end":{"line":25,"column":1}}}},"branchMap":{},"s":{"0":4,"1":4,"2":0,"3":4,"4":0,"5":0},"f":{"0":0,"1":0},"b":{}}
,"/Users/joe/Desktop/code/master/05-testing/testing-exercise/src/pods/hotel-collection/hotel-card.component.tsx": {"path":"/Users/joe/Desktop/code/master/05-testing/testing-exercise/src/pods/hotel-collection/hotel-card.component.tsx","statementMap":{"0":{"start":{"line":1,"column":0},"end":{"line":1,"column":31}},"1":{"start":{"line":2,"column":0},"end":{"line":2,"column":61}},"2":{"start":{"line":3,"column":0},"end":{"line":3,"column":42}},"3":{"start":{"line":5,"column":0},"end":{"line":5,"column":65}},"4":{"start":{"line":6,"column":0},"end":{"line":6,"column":53}},"5":{"start":{"line":7,"column":0},"end":{"line":7,"column":65}},"6":{"start":{"line":8,"column":0},"end":{"line":8,"column":55}},"7":{"start":{"line":9,"column":0},"end":{"line":9,"column":47}},"8":{"start":{"line":10,"column":0},"end":{"line":10,"column":51}},"9":{"start":{"line":11,"column":0},"end":{"line":11,"column":null}},"10":{"start":{"line":18,"column":18},"end":{"line":32,"column":3}},"11":{"start":{"line":18,"column":48},"end":{"line":32,"column":2}},"12":{"start":{"line":38,"column":13},"end":{"line":76,"column":2}},"13":{"start":{"line":39,"column":20},"end":{"line":39,"column":25}},"14":{"start":{"line":40,"column":18},"end":{"line":40,"column":34}},"15":{"start":{"line":42,"column":2},"end":{"line":75,"column":4}}},"fnMap":{"0":{"name":"(anonymous_7)","decl":{"start":{"line":18,"column":29},"end":{"line":18,"column":30}},"loc":{"start":{"line":18,"column":48},"end":{"line":32,"column":2}}},"1":{"name":"(anonymous_8)","decl":{"start":{"line":38,"column":57},"end":{"line":38,"column":58}},"loc":{"start":{"line":38,"column":67},"end":{"line":76,"column":1}}}},"branchMap":{},"s":{"0":2,"1":2,"2":2,"3":2,"4":2,"5":2,"6":2,"7":2,"8":2,"9":2,"10":2,"11":6,"12":2,"13":7,"14":7,"15":7},"f":{"0":6,"1":7},"b":{}}
,"/Users/joe/Desktop/code/master/05-testing/testing-exercise/src/pods/hotel-collection/hotel-collection.component.tsx": {"path":"/Users/joe/Desktop/code/master/05-testing/testing-exercise/src/pods/hotel-collection/hotel-collection.component.tsx","statementMap":{"0":{"start":{"line":1,"column":0},"end":{"line":1,"column":31}},"1":{"start":{"line":2,"column":0},"end":{"line":2,"column":54}},"2":{"start":{"line":4,"column":0},"end":{"line":4,"column":51}},"3":{"start":{"line":6,"column":18},"end":{"line":12,"column":2}},"4":{"start":{"line":18,"column":13},"end":{"line":31,"column":2}},"5":{"start":{"line":21,"column":30},"end":{"line":21,"column":35}},"6":{"start":{"line":22,"column":18},"end":{"line":22,"column":34}},"7":{"start":{"line":24,"column":2},"end":{"line":30,"column":4}},"8":{"start":{"line":27,"column":8},"end":{"line":27,"column":50}}},"fnMap":{"0":{"name":"(anonymous_6)","decl":{"start":{"line":18,"column":72},"end":{"line":18,"column":null}},"loc":{"start":{"line":20,"column":4},"end":{"line":31,"column":1}}},"1":{"name":"(anonymous_7)","decl":{"start":{"line":26,"column":27},"end":{"line":26,"column":28}},"loc":{"start":{"line":27,"column":8},"end":{"line":27,"column":50}}}},"branchMap":{},"s":{"0":1,"1":1,"2":1,"3":1,"4":1,"5":2,"6":2,"7":2,"8":2},"f":{"0":2,"1":2},"b":{}}
,"/Users/joe/Desktop/code/master/05-testing/testing-exercise/src/pods/hotel-collection/hotel-collection.hook.ts": {"path":"/Users/joe/Desktop/code/master/05-testing/testing-exercise/src/pods/hotel-collection/hotel-collection.hook.ts","statementMap":{"0":{"start":{"line":1,"column":0},"end":{"line":1,"column":31}},"1":{"start":{"line":3,"column":0},"end":{"line":3,"column":64}},"2":{"start":{"line":4,"column":0},"end":{"line":4,"column":63}},"3":{"start":{"line":5,"column":0},"end":{"line":5,"column":49}},"4":{"start":{"line":7,"column":13},"end":{"line":18,"column":2}},"5":{"start":{"line":8,"column":48},"end":{"line":9,"column":null}},"6":{"start":{"line":12,"column":30},"end":{"line":15,"column":4}},"7":{"start":{"line":12,"column":41},"end":{"line":15,"column":4}},"8":{"start":{"line":13,"column":19},"end":{"line":13,"column":45}},"9":{"start":{"line":14,"column":4},"end":{"line":14,"column":64}},"10":{"start":{"line":17,"column":2},"end":{"line":17,"column":50}}},"fnMap":{"0":{"name":"(anonymous_13)","decl":{"start":{"line":7,"column":34},"end":{"line":7,"column":37}},"loc":{"start":{"line":7,"column":39},"end":{"line":18,"column":1}}},"1":{"name":"(anonymous_14)","decl":{"start":{"line":12,"column":30},"end":{"line":12,"column":39}},"loc":{"start":{"line":12,"column":41},"end":{"line":15,"column":4}}},"2":{"name":"(anonymous_15)","decl":{"start":{"line":12,"column":41},"end":{"line":12,"column":null}},"loc":{"start":{"line":12,"column":41},"end":{"line":15,"column":3}}}},"branchMap":{},"s":{"0":1,"1":1,"2":1,"3":1,"4":1,"5":1,"6":1,"7":0,"8":0,"9":0,"10":1},"f":{"0":1,"1":0,"2":0},"b":{}}
,"/Users/joe/Desktop/code/master/05-testing/testing-exercise/src/pods/hotel-collection/api/hotel-collection.api.ts": {"path":"/Users/joe/Desktop/code/master/05-testing/testing-exercise/src/pods/hotel-collection/api/hotel-collection.api.ts","statementMap":{"0":{"start":{"line":1,"column":0},"end":{"line":1,"column":26}},"1":{"start":{"line":2,"column":0},"end":{"line":2,"column":34}},"2":{"start":{"line":42,"column":21},"end":{"line":42,"column":47}},"3":{"start":{"line":46,"column":13},"end":{"line":47,"column":69}},"4":{"start":{"line":47,"column":2},"end":{"line":47,"column":68}},"5":{"start":{"line":47,"column":63},"end":{"line":47,"column":67}}},"fnMap":{"0":{"name":"(anonymous_1)","decl":{"start":{"line":46,"column":34},"end":{"line":46,"column":64}},"loc":{"start":{"line":47,"column":2},"end":{"line":47,"column":68}}},"1":{"name":"(anonymous_2)","decl":{"start":{"line":47,"column":49},"end":{"line":47,"column":50}},"loc":{"start":{"line":47,"column":63},"end":{"line":47,"column":67}}}},"branchMap":{},"s":{"0":2,"1":2,"2":2,"3":2,"4":1,"5":1},"f":{"0":1,"1":1},"b":{}}
,"/Users/joe/Desktop/code/master/05-testing/testing-exercise/src/pods/hotel-collection/api/hotel-collection.mapper.ts": {"path":"/Users/joe/Desktop/code/master/05-testing/testing-exercise/src/pods/hotel-collection/api/hotel-collection.mapper.ts","statementMap":{"0":{"start":{"line":1,"column":0},"end":{"line":1,"column":39}},"1":{"start":{"line":5,"column":13},"end":{"line":14,"column":3}},"2":{"start":{"line":7,"column":31},"end":{"line":14,"column":2}}},"fnMap":{"0":{"name":"(anonymous_0)","decl":{"start":{"line":5,"column":30},"end":{"line":5,"column":null}},"loc":{"start":{"line":7,"column":31},"end":{"line":14,"column":2}}}},"branchMap":{},"s":{"0":2,"1":2,"2":1},"f":{"0":1},"b":{}}
,"/Users/joe/Desktop/code/master/05-testing/testing-exercise/src/pods/hotel-collection/api/tests/hotel-mock-data.ts": {"path":"/Users/joe/Desktop/code/master/05-testing/testing-exercise/src/pods/hotel-collection/api/tests/hotel-mock-data.ts","statementMap":{"0":{"start":{"line":1,"column":13},"end":{"line":42,"column":2}}},"fnMap":{},"branchMap":{},"s":{"0":2},"f":{},"b":{}}
,"/Users/joe/Desktop/code/master/05-testing/testing-exercise/src/pods/hotel-collection/tests/mock-data.ts": {"path":"/Users/joe/Desktop/code/master/05-testing/testing-exercise/src/pods/hotel-collection/tests/mock-data.ts","statementMap":{"0":{"start":{"line":1,"column":13},"end":{"line":18,"column":2}}},"fnMap":{},"branchMap":{},"s":{"0":2},"f":{},"b":{}}
,"/Users/joe/Desktop/code/master/05-testing/testing-exercise/src/pods/login/login.component.tsx": {"path":"/Users/joe/Desktop/code/master/05-testing/testing-exercise/src/pods/login/login.component.tsx","statementMap":{"0":{"start":{"line":1,"column":0},"end":{"line":1,"column":31}},"1":{"start":{"line":2,"column":0},"end":{"line":2,"column":47}},"2":{"start":{"line":3,"column":0},"end":{"line":3,"column":54}},"3":{"start":{"line":4,"column":0},"end":{"line":4,"column":42}},"4":{"start":{"line":5,"column":0},"end":{"line":5,"column":54}},"5":{"start":{"line":6,"column":0},"end":{"line":6,"column":56}},"6":{"start":{"line":7,"column":0},"end":{"line":7,"column":52}},"7":{"start":{"line":8,"column":0},"end":{"line":8,"column":46}},"8":{"start":{"line":10,"column":0},"end":{"line":10,"column":52}},"9":{"start":{"line":12,"column":18},"end":{"line":18,"column":2}},"10":{"start":{"line":25,"column":13},"end":{"line":69,"column":2}},"11":{"start":{"line":26,"column":18},"end":{"line":26,"column":34}},"12":{"start":{"line":27,"column":36},"end":{"line":27,"column":41}},"13":{"start":{"line":28,"column":2},"end":{"line":68,"column":4}},"14":{"start":{"line":35,"column":39},"end":{"line":35,"column":54}},"15":{"start":{"line":38,"column":14},"end":{"line":61,"column":null}},"16":{"start":{"line":46,"column":20},"end":{"line":46,"column":66}},"17":{"start":{"line":56,"column":20},"end":{"line":56,"column":66}}},"fnMap":{"0":{"name":"(anonymous_7)","decl":{"start":{"line":25,"column":62},"end":{"line":25,"column":63}},"loc":{"start":{"line":25,"column":72},"end":{"line":69,"column":1}}},"1":{"name":"(anonymous_8)","decl":{"start":{"line":35,"column":22},"end":{"line":35,"column":23}},"loc":{"start":{"line":35,"column":39},"end":{"line":35,"column":54}}},"2":{"name":"(anonymous_9)","decl":{"start":{"line":37,"column":20},"end":{"line":37,"column":21}},"loc":{"start":{"line":38,"column":14},"end":{"line":61,"column":null}}},"3":{"name":"(anonymous_10)","decl":{"start":{"line":45,"column":28},"end":{"line":45,"column":29}},"loc":{"start":{"line":46,"column":20},"end":{"line":46,"column":66}}},"4":{"name":"(anonymous_11)","decl":{"start":{"line":55,"column":28},"end":{"line":55,"column":29}},"loc":{"start":{"line":56,"column":20},"end":{"line":56,"column":66}}}},"branchMap":{},"s":{"0":2,"1":2,"2":2,"3":2,"4":2,"5":2,"6":2,"7":2,"8":2,"9":2,"10":2,"11":6,"12":6,"13":6,"14":0,"15":26,"16":18,"17":18},"f":{"0":6,"1":0,"2":26,"3":18,"4":18},"b":{}}
,"/Users/joe/Desktop/code/master/05-testing/testing-exercise/src/pods/login/login.container.tsx": {"path":"/Users/joe/Desktop/code/master/05-testing/testing-exercise/src/pods/login/login.container.tsx","statementMap":{"0":{"start":{"line":1,"column":0},"end":{"line":1,"column":31}},"1":{"start":{"line":2,"column":0},"end":{"line":2,"column":55}},"2":{"start":{"line":3,"column":0},"end":{"line":3,"column":46}},"3":{"start":{"line":4,"column":0},"end":{"line":4,"column":51}},"4":{"start":{"line":5,"column":0},"end":{"line":5,"column":50}},"5":{"start":{"line":6,"column":0},"end":{"line":6,"column":65}},"6":{"start":{"line":7,"column":0},"end":{"line":7,"column":54}},"7":{"start":{"line":8,"column":0},"end":{"line":8,"column":54}},"8":{"start":{"line":9,"column":0},"end":{"line":9,"column":49}},"9":{"start":{"line":11,"column":13},"end":{"line":46,"column":2}},"10":{"start":{"line":12,"column":23},"end":{"line":12,"column":62}},"11":{"start":{"line":12,"column":46},"end":{"line":12,"column":61}},"12":{"start":{"line":13,"column":19},"end":{"line":13,"column":32}},"13":{"start":{"line":14,"column":18},"end":{"line":14,"column":30}},"14":{"start":{"line":15,"column":25},"end":{"line":15,"column":74}},"15":{"start":{"line":16,"column":26},"end":{"line":16,"column":58}},"16":{"start":{"line":18,"column":26},"end":{"line":21,"column":3}},"17":{"start":{"line":19,"column":4},"end":{"line":19,"column":33}},"18":{"start":{"line":20,"column":4},"end":{"line":20,"column":45}},"19":{"start":{"line":23,"column":22},"end":{"line":31,"column":3}},"20":{"start":{"line":24,"column":4},"end":{"line":30,"column":6}},"21":{"start":{"line":26,"column":8},"end":{"line":28,"column":34}},"22":{"start":{"line":33,"column":30},"end":{"line":35,"column":3}},"23":{"start":{"line":34,"column":4},"end":{"line":34,"column":26}},"24":{"start":{"line":37,"column":2},"end":{"line":45,"column":4}}},"fnMap":{"0":{"name":"(anonymous_7)","decl":{"start":{"line":11,"column":30},"end":{"line":11,"column":33}},"loc":{"start":{"line":11,"column":35},"end":{"line":46,"column":1}}},"1":{"name":"(anonymous_8)","decl":{"start":{"line":12,"column":35},"end":{"line":12,"column":36}},"loc":{"start":{"line":12,"column":46},"end":{"line":12,"column":61}}},"2":{"name":"(anonymous_9)","decl":{"start":{"line":18,"column":26},"end":{"line":18,"column":27}},"loc":{"start":{"line":18,"column":55},"end":{"line":21,"column":3}}},"3":{"name":"(anonymous_10)","decl":{"start":{"line":23,"column":22},"end":{"line":23,"column":23}},"loc":{"start":{"line":23,"column":51},"end":{"line":31,"column":3}}},"4":{"name":"(anonymous_11)","decl":{"start":{"line":25,"column":6},"end":{"line":25,"column":7}},"loc":{"start":{"line":25,"column":30},"end":{"line":29,"column":7}}},"5":{"name":"(anonymous_12)","decl":{"start":{"line":33,"column":30},"end":{"line":33,"column":33}},"loc":{"start":{"line":33,"column":35},"end":{"line":35,"column":3}}}},"branchMap":{"0":{"loc":{"start":{"line":27,"column":12},"end":{"line":27,"column":38}},"type":"cond-expr","locations":[{"start":{"line":27,"column":12},"end":{"line":27,"column":38}},{"start":{"line":28,"column":12},"end":{"line":28,"column":33}}]}},"s":{"0":1,"1":1,"2":1,"3":1,"4":1,"5":1,"6":1,"7":1,"8":1,"9":1,"10":2,"11":4,"12":2,"13":2,"14":2,"15":2,"16":2,"17":0,"18":0,"19":2,"20":0,"21":0,"22":2,"23":0,"24":2},"f":{"0":2,"1":4,"2":0,"3":0,"4":0,"5":0},"b":{"0":[0,0]}}
,"/Users/joe/Desktop/code/master/05-testing/testing-exercise/src/pods/login/login.validation.ts": {"path":"/Users/joe/Desktop/code/master/05-testing/testing-exercise/src/pods/login/login.validation.ts","statementMap":{"0":{"start":{"line":1,"column":0},"end":{"line":1,"column":63}},"1":{"start":{"line":2,"column":0},"end":{"line":2,"column":71}},"2":{"start":{"line":4,"column":43},"end":{"line":9,"column":2}},"3":{"start":{"line":11,"column":13},"end":{"line":11,"column":74}}},"fnMap":{},"branchMap":{},"s":{"0":2,"1":2,"2":2,"3":2},"f":{},"b":{}}
,"/Users/joe/Desktop/code/master/05-testing/testing-exercise/src/pods/login/snackbar.component.tsx": {"path":"/Users/joe/Desktop/code/master/05-testing/testing-exercise/src/pods/login/snackbar.component.tsx","statementMap":{"0":{"start":{"line":1,"column":0},"end":{"line":1,"column":26}},"1":{"start":{"line":2,"column":0},"end":{"line":2,"column":50}},"2":{"start":{"line":3,"column":0},"end":{"line":3,"column":62}},"3":{"start":{"line":6,"column":2},"end":{"line":6,"column":64}},"4":{"start":{"line":14,"column":39},"end":{"line":22,"column":1}},"5":{"start":{"line":15,"column":2},"end":{"line":21,"column":4}},"6":{"start":{"line":24,"column":0},"end":{"line":24,"column":29}}},"fnMap":{"0":{"name":"Alert","decl":{"start":{"line":5,"column":9},"end":{"line":5,"column":14}},"loc":{"start":{"line":5,"column":32},"end":{"line":7,"column":1}}},"1":{"name":"(anonymous_2)","decl":{"start":{"line":14,"column":39},"end":{"line":14,"column":40}},"loc":{"start":{"line":14,"column":70},"end":{"line":22,"column":1}}}},"branchMap":{},"s":{"0":2,"1":2,"2":2,"3":6,"4":2,"5":5,"6":2},"f":{"0":6,"1":5},"b":{}}
,"/Users/joe/Desktop/code/master/05-testing/testing-exercise/src/pods/login/api/login.api.ts": {"path":"/Users/joe/Desktop/code/master/05-testing/testing-exercise/src/pods/login/api/login.api.ts","statementMap":{"0":{"start":{"line":1,"column":13},"end":{"line":7,"column":4}},"1":{"start":{"line":5,"column":2},"end":{"line":6,"column":null}},"2":{"start":{"line":6,"column":4},"end":{"line":6,"column":75}},"3":{"start":{"line":6,"column":21},"end":{"line":6,"column":69}}},"fnMap":{"0":{"name":"(anonymous_0)","decl":{"start":{"line":1,"column":35},"end":{"line":1,"column":null}},"loc":{"start":{"line":5,"column":2},"end":{"line":6,"column":null}}},"1":{"name":"(anonymous_1)","decl":{"start":{"line":5,"column":23},"end":{"line":5,"column":24}},"loc":{"start":{"line":6,"column":4},"end":{"line":6,"column":75}}},"2":{"name":"(anonymous_2)","decl":{"start":{"line":6,"column":15},"end":{"line":6,"column":18}},"loc":{"start":{"line":6,"column":21},"end":{"line":6,"column":69}}}},"branchMap":{"0":{"loc":{"start":{"line":6,"column":29},"end":{"line":6,"column":45}},"type":"binary-expr","locations":[{"start":{"line":6,"column":29},"end":{"line":6,"column":45}},{"start":{"line":6,"column":49},"end":{"line":6,"column":68}}]}},"s":{"0":2,"1":4,"2":4,"3":4},"f":{"0":4,"1":4,"2":4},"b":{"0":[4,2]}}
,"/Users/joe/Desktop/code/master/05-testing/testing-exercise/src/pods/login/api/login.vm.ts": {"path":"/Users/joe/Desktop/code/master/05-testing/testing-exercise/src/pods/login/api/login.vm.ts","statementMap":{"0":{"start":{"line":6,"column":13},"end":{"line":9,"column":3}},"1":{"start":{"line":6,"column":54},"end":{"line":9,"column":2}}},"fnMap":{"0":{"name":"(anonymous_0)","decl":{"start":{"line":6,"column":32},"end":{"line":6,"column":50}},"loc":{"start":{"line":6,"column":54},"end":{"line":9,"column":2}}}},"branchMap":{},"s":{"0":1,"1":2},"f":{"0":2},"b":{}}
,"/Users/joe/Desktop/code/master/05-testing/testing-exercise/src/reducers/alert.reducer.ts": {"path":"/Users/joe/Desktop/code/master/05-testing/testing-exercise/src/reducers/alert.reducer.ts","statementMap":{"0":{"start":{"line":1,"column":0},"end":{"line":1,"column":56}},"1":{"start":{"line":3,"column":13},"end":{"line":5,"column":2}},"2":{"start":{"line":14,"column":13},"end":{"line":25,"column":2}},"3":{"start":{"line":18,"column":2},"end":{"line":23,"column":null}},"4":{"start":{"line":20,"column":6},"end":{"line":20,"column":53}},"5":{"start":{"line":22,"column":6},"end":{"line":22,"column":53}},"6":{"start":{"line":24,"column":2},"end":{"line":24,"column":15}}},"fnMap":{"0":{"name":"(anonymous_6)","decl":{"start":{"line":14,"column":28},"end":{"line":14,"column":null}},"loc":{"start":{"line":17,"column":4},"end":{"line":25,"column":1}}}},"branchMap":{"0":{"loc":{"start":{"line":15,"column":22},"end":{"line":15,"column":32}},"type":"default-arg","locations":[{"start":{"line":15,"column":22},"end":{"line":15,"column":32}}]},"1":{"loc":{"start":{"line":19,"column":4},"end":{"line":20,"column":53}},"type":"switch","locations":[{"start":{"line":19,"column":4},"end":{"line":20,"column":53}},{"start":{"line":21,"column":4},"end":{"line":22,"column":53}}]}},"s":{"0":2,"1":2,"2":2,"3":4,"4":1,"5":1,"6":2},"f":{"0":4},"b":{"0":[2],"1":[1,1]}}
,"/Users/joe/Desktop/code/master/05-testing/testing-exercise/src/reducers/index.ts": {"path":"/Users/joe/Desktop/code/master/05-testing/testing-exercise/src/reducers/index.ts","statementMap":{"0":{"start":{"line":1,"column":0},"end":{"line":1,"column":9}},"1":{"start":{"line":1,"column":9},"end":{"line":1,"column":47}}},"fnMap":{"0":{"name":"(anonymous_0)","decl":{"start":{"line":1,"column":9},"end":{"line":1,"column":21}},"loc":{"start":{"line":1,"column":9},"end":{"line":1,"column":47}}}},"branchMap":{},"s":{"0":2,"1":6},"f":{"0":4},"b":{}}
}
