TN:
SF:src/common/actions/action-types.ts
FNF:0
FNH:0
DA:1,5
DA:2,5
LF:2
LH:2
BRF:0
BRH:0
end_of_record
TN:
SF:src/common/actions/alert.actions.ts
FN:3,(anonymous_6)
FN:9,(anonymous_7)
FNF:2
FNH:2
FNDA:2,(anonymous_6)
FNDA:2,(anonymous_7)
DA:1,4
DA:3,4
DA:4,2
DA:9,4
DA:10,2
LF:5
LH:5
BRF:0
BRH:0
end_of_record
TN:
SF:src/common/actions/index.ts
FNF:0
FNH:0
DA:1,4
DA:2,4
LF:2
LH:2
BRF:0
BRH:0
end_of_record
TN:
SF:src/common/components/forms/index.ts
FNF:0
FNH:0
DA:1,2
LF:1
LH:1
BRF:0
BRH:0
end_of_record
TN:
SF:src/common/components/forms/text-field.tsx
FN:7,(anonymous_8)
FNF:1
FNH:1
FNDA:60,(anonymous_8)
DA:1,3
DA:3,3
DA:7,3
DA:9,60
DA:11,60
DA:12,60
DA:15,60
DA:18,60
LF:8
LH:8
BRDA:15,0,0,60
BRDA:15,0,1,1
BRDA:15,0,2,59
BRDA:15,0,3,1
BRDA:26,1,0,1
BRDA:26,1,1,59
BRF:6
BRH:6
end_of_record
TN:
SF:src/common/mappers/collection.mapper.ts
FN:1,(anonymous_0)
FNF:1
FNH:1
FNDA:5,(anonymous_0)
DA:1,2
DA:2,5
LF:2
LH:2
BRDA:2,0,0,2
BRDA:2,0,1,3
BRF:2
BRH:2
end_of_record
TN:
SF:src/common/mappers/index.ts
FNF:0
FNH:0
DA:1,1
LF:1
LH:1
BRF:0
BRH:0
end_of_record
TN:
SF:src/core/const.ts
FNF:0
FNH:0
DA:1,4
DA:2,4
LF:2
LH:2
BRF:0
BRH:0
end_of_record
TN:
SF:src/core/index.ts
FNF:0
FNH:0
DA:1,4
DA:2,4
DA:3,4
LF:3
LH:3
BRF:0
BRH:0
end_of_record
TN:
SF:src/core/routes.ts
FN:25,(anonymous_0)
FNF:1
FNH:0
FNDA:0,(anonymous_0)
DA:1,4
DA:10,4
DA:23,4
DA:25,0
LF:4
LH:3
BRF:0
BRH:0
end_of_record
TN:
SF:src/core/session-context.tsx
FN:10,(anonymous_6)
FN:17,(anonymous_7)
FNF:2
FNH:0
FNDA:0,(anonymous_6)
FNDA:0,(anonymous_7)
DA:1,4
DA:8,4
DA:11,0
DA:17,4
DA:18,0
DA:20,0
LF:6
LH:3
BRF:0
BRH:0
end_of_record
TN:
SF:src/pods/hotel-collection/hotel-card.component.tsx
FN:18,(anonymous_7)
FN:38,(anonymous_8)
FNF:2
FNH:2
FNDA:6,(anonymous_7)
FNDA:7,(anonymous_8)
DA:1,2
DA:2,2
DA:3,2
DA:5,2
DA:6,2
DA:7,2
DA:8,2
DA:9,2
DA:10,2
DA:11,2
DA:18,6
DA:38,2
DA:39,7
DA:40,7
DA:42,7
LF:15
LH:15
BRF:0
BRH:0
end_of_record
TN:
SF:src/pods/hotel-collection/hotel-collection.component.tsx
FN:18,(anonymous_6)
FN:26,(anonymous_7)
FNF:2
FNH:2
FNDA:2,(anonymous_6)
FNDA:2,(anonymous_7)
DA:1,1
DA:2,1
DA:4,1
DA:6,1
DA:18,1
DA:21,2
DA:22,2
DA:24,2
DA:27,2
LF:9
LH:9
BRF:0
BRH:0
end_of_record
TN:
SF:src/pods/hotel-collection/hotel-collection.hook.ts
FN:7,(anonymous_13)
FN:12,(anonymous_14)
FN:12,(anonymous_15)
FNF:3
FNH:1
FNDA:1,(anonymous_13)
FNDA:0,(anonymous_14)
FNDA:0,(anonymous_15)
DA:1,1
DA:3,1
DA:4,1
DA:5,1
DA:7,1
DA:8,1
DA:12,1
DA:13,0
DA:14,0
DA:17,1
LF:10
LH:8
BRF:0
BRH:0
end_of_record
TN:
SF:src/pods/hotel-collection/api/hotel-collection.api.ts
FN:46,(anonymous_1)
FN:47,(anonymous_2)
FNF:2
FNH:2
FNDA:1,(anonymous_1)
FNDA:1,(anonymous_2)
DA:1,2
DA:2,2
DA:42,2
DA:46,2
DA:47,1
LF:5
LH:5
BRF:0
BRH:0
end_of_record
TN:
SF:src/pods/hotel-collection/api/hotel-collection.mapper.ts
FN:5,(anonymous_0)
FNF:1
FNH:1
FNDA:1,(anonymous_0)
DA:1,2
DA:5,2
DA:7,1
LF:3
LH:3
BRF:0
BRH:0
end_of_record
TN:
SF:src/pods/hotel-collection/api/tests/hotel-mock-data.ts
FNF:0
FNH:0
DA:1,2
LF:1
LH:1
BRF:0
BRH:0
end_of_record
TN:
SF:src/pods/hotel-collection/tests/mock-data.ts
FNF:0
FNH:0
DA:1,2
LF:1
LH:1
BRF:0
BRH:0
end_of_record
TN:
SF:src/pods/login/login.component.tsx
FN:25,(anonymous_7)
FN:35,(anonymous_8)
FN:37,(anonymous_9)
FN:45,(anonymous_10)
FN:55,(anonymous_11)
FNF:5
FNH:4
FNDA:6,(anonymous_7)
FNDA:0,(anonymous_8)
FNDA:26,(anonymous_9)
FNDA:18,(anonymous_10)
FNDA:18,(anonymous_11)
DA:1,2
DA:2,2
DA:3,2
DA:4,2
DA:5,2
DA:6,2
DA:7,2
DA:8,2
DA:10,2
DA:12,2
DA:25,2
DA:26,6
DA:27,6
DA:28,6
DA:35,0
DA:38,26
DA:46,18
DA:56,18
LF:18
LH:17
BRF:0
BRH:0
end_of_record
TN:
SF:src/pods/login/login.container.tsx
FN:11,(anonymous_7)
FN:12,(anonymous_8)
FN:18,(anonymous_9)
FN:23,(anonymous_10)
FN:25,(anonymous_11)
FN:33,(anonymous_12)
FNF:6
FNH:2
FNDA:2,(anonymous_7)
FNDA:4,(anonymous_8)
FNDA:0,(anonymous_9)
FNDA:0,(anonymous_10)
FNDA:0,(anonymous_11)
FNDA:0,(anonymous_12)
DA:1,1
DA:2,1
DA:3,1
DA:4,1
DA:5,1
DA:6,1
DA:7,1
DA:8,1
DA:9,1
DA:11,1
DA:12,4
DA:13,2
DA:14,2
DA:15,2
DA:16,2
DA:18,2
DA:19,0
DA:20,0
DA:23,2
DA:24,0
DA:26,0
DA:33,2
DA:34,0
DA:37,2
LF:24
LH:19
BRDA:27,0,0,0
BRDA:27,0,1,0
BRF:2
BRH:0
end_of_record
TN:
SF:src/pods/login/login.validation.ts
FNF:0
FNH:0
DA:1,2
DA:2,2
DA:4,2
DA:11,2
LF:4
LH:4
BRF:0
BRH:0
end_of_record
TN:
SF:src/pods/login/snackbar.component.tsx
FN:5,Alert
FN:14,(anonymous_2)
FNF:2
FNH:2
FNDA:6,Alert
FNDA:5,(anonymous_2)
DA:1,2
DA:2,2
DA:3,2
DA:6,6
DA:14,2
DA:15,5
DA:24,2
LF:7
LH:7
BRF:0
BRH:0
end_of_record
TN:
SF:src/pods/login/api/login.api.ts
FN:1,(anonymous_0)
FN:5,(anonymous_1)
FN:6,(anonymous_2)
FNF:3
FNH:3
FNDA:4,(anonymous_0)
FNDA:4,(anonymous_1)
FNDA:4,(anonymous_2)
DA:1,2
DA:5,4
DA:6,4
LF:3
LH:3
BRDA:6,0,0,4
BRDA:6,0,1,2
BRF:2
BRH:2
end_of_record
TN:
SF:src/pods/login/api/login.vm.ts
FN:6,(anonymous_0)
FNF:1
FNH:1
FNDA:2,(anonymous_0)
DA:6,2
LF:1
LH:1
BRF:0
BRH:0
end_of_record
TN:
SF:src/reducers/alert.reducer.ts
FN:14,(anonymous_6)
FNF:1
FNH:1
FNDA:4,(anonymous_6)
DA:1,2
DA:3,2
DA:14,2
DA:18,4
DA:20,1
DA:22,1
DA:24,2
LF:7
LH:7
BRDA:15,0,0,2
BRDA:19,1,0,1
BRDA:19,1,1,1
BRF:3
BRH:3
end_of_record
TN:
SF:src/reducers/index.ts
FN:1,(anonymous_0)
FNF:1
FNH:1
FNDA:4,(anonymous_0)
DA:1,6
LF:1
LH:1
BRF:0
BRH:0
end_of_record
